<?xml version="1.0" encoding="UTF-8"?>
<!-- Generated by org.testng.reporters.JUnitReportReporter -->
<testsuite hostname="DESKTOP-4P9AAFC" failures="0" tests="1" name="rediffpomTest.LoginTC_1" time="47.171" errors="0" timestamp="2021-11-09T01:10:40 IST" skipped="0">
  <testcase classname="rediffpomTest.LoginTC_1" name="f" time="47.171"/>
  <system-out/>
</testsuite> <!-- rediffpomTest.LoginTC_1 -->
