<?xml version="1.0" encoding="UTF-8"?>
<!-- Generated by org.testng.reporters.JUnitReportReporter -->
<testsuite hostname="DESKTOP-4P9AAFC" failures="0" tests="9" name="rediffpomTest.Login_HmapExternalDataDriven" time="511.353" errors="0" timestamp="2021-11-16T20:35:02 IST" skipped="0">
  <testcase classname="rediffpomTest.Login_HmapExternalDataDriven" name="f" time="8.593"/>
  <system-out/>
  <testcase classname="rediffpomTest.Login_HmapExternalDataDriven" name="f" time="9.163"/>
  <system-out/>
  <testcase classname="rediffpomTest.Login_HmapExternalDataDriven" name="f" time="303.899"/>
  <system-out/>
  <testcase classname="rediffpomTest.Login_HmapExternalDataDriven" name="f" time="41.097"/>
  <system-out/>
  <testcase classname="rediffpomTest.Login_HmapExternalDataDriven" name="f" time="62.994"/>
  <system-out/>
  <testcase classname="rediffpomTest.Login_HmapExternalDataDriven" name="f" time="29.910"/>
  <system-out/>
  <testcase classname="rediffpomTest.Login_HmapExternalDataDriven" name="f" time="13.329"/>
  <system-out/>
  <testcase classname="rediffpomTest.Login_HmapExternalDataDriven" name="f" time="32.707"/>
  <system-out/>
  <testcase classname="rediffpomTest.Login_HmapExternalDataDriven" name="f" time="9.661"/>
  <system-out/>
</testsuite> <!-- rediffpomTest.Login_HmapExternalDataDriven -->
